Command: /home/dss545/fhe/dse_mult/montgomery/verif/vcs_out/simv -sml=verdi +UVM_VERDI_TRACE=UVM_AWARE +fsdb+gate=off -ucli2Proc -ucli -l /home/dss545/fhe/dse_mult/montgomery/verif/verdiLog/sim.log
Chronologic VCS simulator copyright 1991-2020
Contains Synopsys proprietary information.
Compiler version R-2020.12-SP1_Full64; Runtime version R-2020.12-SP1_Full64;  Sep 13 13:12 2021

ucli% synUtils::getArch
linux64
ucli% loaddl -simv /opt/programs/synopsys/verdi-sx/verdi/R-2020.12-SP1/share/PLI/VCS/LINUXAMD64/libnovas.so LoadFSDBDumpCmd;LoadFSDBDumpCmd
LoadFSDBDumpCmd success
ucli% config ckptfsdbcheck off;config endofsim noexit;config onfail {enable all};config followactivescope on;catch {setUcliVerdiConnected};set watch::resultTagsForVerdiBP {<ucli_break_bp_status_begin> <ucli_break_bp_status_end>};set ucliCore::support_restore_through_stask_in_verdi 1;cbug::config pretty_print auto;fsdbDumpfile {/home/dss545/fhe/dse_mult/montgomery/verif/inter_2.fsdb} ;fsdbDumpflush ; 
*Verdi* Loading libsscore_vcs202012.so
FSDB Dumper for VCS, Release Verdi_R-2020.12-SP1, Linux x86_64/64bit, 03/02/2021
(C) 1996 - 2021 by Synopsys, Inc.
*Verdi* : Create FSDB file '/home/dss545/fhe/dse_mult/montgomery/verif/inter_2.fsdb'
*Verdi* : Flush all FSDB Files at 0 ps.

ucli% synEnv::hasFataled
0
ucli% ucliCore::getToolPID
21481
ucli% sps_interactive
*Verdi* : Enable RPC Server(21481)

ucli% ucliCore::getToolPID
21481
ucli% ucliCore::getToolPID
21481
ucli% if {[catch {ucliCore::setFocus tool}]} {}

ucli% puts $ucliCore::nativeUcliMode
0

ucli% ucliCore::getToolTopPID
21481
ucli% pid
21492
ucli% synUtils::sendTool -active {_icl_createSharedMemory /tmp/vcs_dve_general.dss545.21481 }

ucli% if { [info vars watch::vcbp_str_len_limit_of_get_value] != ""} {set watch::vcbp_str_len_limit_of_get_value 1024}
1024
ucli% info command stateVerdiChangeCB

ucli% proc stateVerdiChangeCB args { if {$ucliGUI::state eq "terminated"} {puts "\n<VERDI_Terminated>\n";catch {setVerdiSimTerminated}}}

ucli% trace variable ucliGUI::state wu stateVerdiChangeCB

ucli% if {[catch {rename synopsys::restore verdiHack::restore} ]} {puts "0"}

ucli% proc synopsys::restore {args} { verdiHack::restore $args; puts "\n<VERDI_RESTORE>\n"}

ucli% if {[catch {rename quit verdiHack::quit} ]} {puts "0"}

ucli% proc quit {args} { if {[string length $args] == 0} { verdiHack::quit; } elseif {([string equal "-h" $args] == 1)||([string equal "-he" $args] == 1)||([string equal "-hel" $args] == 1)||([string equal "-help" $args] == 1)} { puts "\n quit           # Exit the simulation.\n \[-noprompt\]        (Exit the simulation and Verdi.)\n"} elseif {([string equal "-n" $args] == 1)||([string equal "-no" $args] == 1)||([string equal "-nop" $args] == 1)||([string equal "-nopr" $args] == 1)||([string equal "-nopro" $args] == 1)||([string equal "-noprom" $args] == 1)||([string equal "-nopromp" $args] == 1)||([string equal "-noprompt" $args] == 1)} { puts "\nVERDI_EXIT_N\n" } else { verdiHack::quit $args; } }

ucli% if {[catch {rename exit verdiHack::exit} ]} {puts "0"}

ucli% proc exit {args} { if {[string length $args] == 0} { verdiHack::exit; } elseif {([string equal "-h" $args] == 1)||([string equal "-he" $args] == 1)||([string equal "-hel" $args] == 1)||([string equal "-help" $args] == 1)} { puts "\n exit           # Exit the simulation.\n \[-noprompt\]        (Exit the simulation and Verdi.)\n"} elseif {([string equal "-n" $args] == 1)||([string equal "-no" $args] == 1)||([string equal "-nop" $args] == 1)||([string equal "-nopr" $args] == 1)||([string equal "-nopro" $args] == 1)||([string equal "-noprom" $args] == 1)||([string equal "-nopromp" $args] == 1)||([string equal "-noprompt" $args] == 1)} { puts "\nVERDI_EXIT_N\n" } else { verdiHack::exit $args; } }

ucli% proc checkpoint::beforeRecreate {} { sps_interactive }

ucli% if {[catch {ucliCore::setFocus tool}]} {}

ucli% save::getUserdefinedProcs
::stateVerdiChangeCB ::LoadFSDBDumpCmd
ucli% info procs
ipi_get_str fsdbDumpMDAByFile fsdbDumpMDA echo fsdbDumpMemNow fsdbAutoSwitchDumpfile unknown sps_interactive auto_import stat fsdbDumpfile setenv auto_execok pkg_mkIndex stateVerdiChangeCB fsdbDumpSingle proc_body ipi_begin fsdbDumpoff getenv fsdbDumplimit fsdbDumpPattern ipi_handle fsdbDumpvarsByFile fsdbDumpMDAInScope lminus ipi_sim_get ls auto_load_index proc_args fsdbAddRuntimeSignal fsdbDumpSC print_message_info ridbDump fsdbDumpSVAoff fsdbSuppress fsdbDumpvars help fsdbDumpMDAOnChange ipi_control auto_qualify fsdbDumpMem tclPkgUnknown printenv ipi_handle_by_name helpdoc fsdbDumpMemInScope fsdbDumpFinish is_true fsdbDumpon sh fsdbQueryInfo LoadFSDBDumpCmd fsdbDumpPSL fsdbDumpSVA ipi_end wrapperSpecmanSn fsdbDumpSVAon fsdbDumpClassObjectByFile is_false auto_load fsdbDumpPSLon ipi_get_int64 fsdbSubstituteHier ipi_get_value ipi_iterate exit fsdbDumpMemInFile tclLog fsdbDumpflush get_unix_variable mem_debug ipi_scan fsdbDumpPSLoff fsdbDumpClassObject fsdbDumpvarsToFile set_unix_variable bgerror fsdbDumpStrength clock add_group fsdbSwitchDumpfile source add_wave unsetenv fsdbDumpvarsES readline fsdbDisplay ipi_handle_free set_group ipi_get quit define_proc_attributes tclPkgSetup fsdbDumpMDANow ipi_init_play_tcl fsdbDumpIO
ucli% set ucliCore::resultTagsForVerdi [list <?special_verdi_begin?> <?special_verdi_end?>]
<?special_verdi_begin?> <?special_verdi_end?>
ucli% if {[catch {ucliCore::setFocus tool}]} {}

ucli% fsdbDumpflush 
*Verdi* : Flush all FSDB Files at 0 ps.

ucli% senv
activeDomain: Verilog
activeFile: 
activeFrame: 
activeLine: 0
activeScope: _vcs_unit__3030942982
activeThread: 
endCol: 0
file: 
frame: 
fsdbFilename: 
hasTB: 0
inputFilename: 
keyFilename: ucli.key
line: 0
logFilename: /home/dss545/fhe/dse_mult/montgomery/verif/verdiLog/sim.log
macroIndex: -1
macroOffset: -1
pid: 21481
scope: _vcs_unit__3030942982
startCol: 0
state: stopped
thread: 
time: 0
timePrecision: 1 ps
vcdFilename: 
vpdFilename:
ucli% puts $::ucliCore::cbug_active
0

ucli% if {[catch {ucliCore::setFocus tool}]} {}

ucli% checkpoint -list -all
There are no checkpoints present.
ucli% stop
No stop points are set
ucli% if {[catch {ucliCore::setFocus tool}]} {}

ucli% fsdbDumpvars 1 "montgomery_mul_tb.montgomery_mul"  +all +trace_process;fsdbDumpflush 
*Verdi* : Begin traversing the scope (montgomery_mul_tb.montgomery_mul), layer (1).
*Verdi* : Enable +trace_process and +all dumping.
*Verdi* : End of traversing.
*Verdi* : Flush all FSDB Files at 0 ps.

ucli% if {[catch {ucliCore::setFocus tool}]} {}

ucli% run
<slp!&*()_+>
                  56 modulus size =  128, m = 340282366920938463463374607431768211455
<slb!&*()_+>---<sls!&*()_+>loc: -1<sls!&*()_+>src: ./montgomery_mul_tb.v<sls!&*()_+>line: 164<sls!&*()_+>time: 56000 ps<sls!&*()_+>length: 0<sls!&*()_+>...<sls!&*()_+><sle!&*()_+>
<slp!&*()_+>
 #------------------MODMUL STARTED---------------------*
<slb!&*()_+>---<sls!&*()_+>loc: -1<sls!&*()_+>src: ./montgomery_mul_tasks.v<sls!&*()_+>line: 66<sls!&*()_+>time: 56000 ps<sls!&*()_+>length: 0<sls!&*()_+>...<sls!&*()_+><sle!&*()_+>
<slp!&*()_+>
                  66 modulus size =  128, m = 340282366920938463463374607431768211455
<slb!&*()_+>---<sls!&*()_+>loc: -1<sls!&*()_+>src: ./montgomery_mul_tb.v<sls!&*()_+>line: 164<sls!&*()_+>time: 66000 ps<sls!&*()_+>length: 0<sls!&*()_+>...<sls!&*()_+><sle!&*()_+>
<slp!&*()_+>
 #------------------MODMUL STARTED---------------------*
<slb!&*()_+>---<sls!&*()_+>loc: -1<sls!&*()_+>src: ./montgomery_mul_tasks.v<sls!&*()_+>line: 66<sls!&*()_+>time: 66000 ps<sls!&*()_+>length: 0<sls!&*()_+>...<sls!&*()_+><sle!&*()_+>
<slp!&*()_+>
                  76 modulus size =  128, m = 340282366920938463463374607431768211455
<slb!&*()_+>---<sls!&*()_+>loc: -1<sls!&*()_+>src: ./montgomery_mul_tb.v<sls!&*()_+>line: 164<sls!&*()_+>time: 76000 ps<sls!&*()_+>length: 0<sls!&*()_+>...<sls!&*()_+><sle!&*()_+>
<slp!&*()_+>
 #------------------MODMUL STARTED---------------------*
<slb!&*()_+>---<sls!&*()_+>loc: -1<sls!&*()_+>src: ./montgomery_mul_tasks.v<sls!&*()_+>line: 66<sls!&*()_+>time: 76000 ps<sls!&*()_+>length: 0<sls!&*()_+>...<sls!&*()_+><sle!&*()_+>
<slp!&*()_+>
                  86 modulus size =  128, m = 340282366920938463463374607431768211455
<slb!&*()_+>---<sls!&*()_+>loc: -1<sls!&*()_+>src: ./montgomery_mul_tb.v<sls!&*()_+>line: 164<sls!&*()_+>time: 86000 ps<sls!&*()_+>length: 0<sls!&*()_+>...<sls!&*()_+><sle!&*()_+>
<slp!&*()_+>
 #------------------MODMUL STARTED---------------------*
<slb!&*()_+>---<sls!&*()_+>loc: -1<sls!&*()_+>src: ./montgomery_mul_tasks.v<sls!&*()_+>line: 66<sls!&*()_+>time: 86000 ps<sls!&*()_+>length: 0<sls!&*()_+>...<sls!&*()_+><sle!&*()_+>
<slp!&*()_+>
                  96 modulus size =  128, m = 340282366920938463463374607431768211455
<slb!&*()_+>---<sls!&*()_+>loc: -1<sls!&*()_+>src: ./montgomery_mul_tb.v<sls!&*()_+>line: 164<sls!&*()_+>time: 96000 ps<sls!&*()_+>length: 0<sls!&*()_+>...<sls!&*()_+><sle!&*()_+>
<slp!&*()_+>
 #------------------MODMUL STARTED---------------------*
<slb!&*()_+>---<sls!&*()_+>loc: -1<sls!&*()_+>src: ./montgomery_mul_tasks.v<sls!&*()_+>line: 66<sls!&*()_+>time: 96000 ps<sls!&*()_+>length: 0<sls!&*()_+>...<sls!&*()_+><sle!&*()_+>
<slp!&*()_+>
                 106 modulus size =  128, m = 340282366920938463463374607431768211455
<slb!&*()_+>---<sls!&*()_+>loc: -1<sls!&*()_+>src: ./montgomery_mul_tb.v<sls!&*()_+>line: 164<sls!&*()_+>time: 106000 ps<sls!&*()_+>length: 0<sls!&*()_+>...<sls!&*()_+><sle!&*()_+>
<slp!&*()_+>
 #------------------MODMUL STARTED---------------------*
<slb!&*()_+>---<sls!&*()_+>loc: -1<sls!&*()_+>src: ./montgomery_mul_tasks.v<sls!&*()_+>line: 66<sls!&*()_+>time: 106000 ps<sls!&*()_+>length: 0<sls!&*()_+>...<sls!&*()_+><sle!&*()_+>
<slp!&*()_+>
                 116 modulus size =  128, m = 340282366920938463463374607431768211455
<slb!&*()_+>---<sls!&*()_+>loc: -1<sls!&*()_+>src: ./montgomery_mul_tb.v<sls!&*()_+>line: 164<sls!&*()_+>time: 116000 ps<sls!&*()_+>length: 0<sls!&*()_+>...<sls!&*()_+><sle!&*()_+>
<slp!&*()_+>
 #------------------MODMUL STARTED---------------------*
<slb!&*()_+>---<sls!&*()_+>loc: -1<sls!&*()_+>src: ./montgomery_mul_tasks.v<sls!&*()_+>line: 66<sls!&*()_+>time: 116000 ps<sls!&*()_+>length: 0<sls!&*()_+>...<sls!&*()_+><sle!&*()_+>
<slp!&*()_+>
                 126 modulus size =  128, m = 340282366920938463463374607431768211455
<slb!&*()_+>---<sls!&*()_+>loc: -1<sls!&*()_+>src: ./montgomery_mul_tb.v<sls!&*()_+>line: 164<sls!&*()_+>time: 126000 ps<sls!&*()_+>length: 0<sls!&*()_+>...<sls!&*()_+><sle!&*()_+>
<slp!&*()_+>
 #------------------MODMUL STARTED---------------------*
<slb!&*()_+>---<sls!&*()_+>loc: -1<sls!&*()_+>src: ./montgomery_mul_tasks.v<sls!&*()_+>line: 66<sls!&*()_+>time: 126000 ps<sls!&*()_+>length: 0<sls!&*()_+>...<sls!&*()_+><sle!&*()_+>
<slp!&*()_+>
                 136 modulus size =  128, m = 340282366920938463463374607431768211455
<slb!&*()_+>---<sls!&*()_+>loc: -1<sls!&*()_+>src: ./montgomery_mul_tb.v<sls!&*()_+>line: 164<sls!&*()_+>time: 136000 ps<sls!&*()_+>length: 0<sls!&*()_+>...<sls!&*()_+><sle!&*()_+>
<slp!&*()_+>
 #------------------MODMUL STARTED---------------------*
<slb!&*()_+>---<sls!&*()_+>loc: -1<sls!&*()_+>src: ./montgomery_mul_tasks.v<sls!&*()_+>line: 66<sls!&*()_+>time: 136000 ps<sls!&*()_+>length: 0<sls!&*()_+>...<sls!&*()_+><sle!&*()_+>
<slp!&*()_+>
                 146 modulus size =  128, m = 340282366920938463463374607431768211455
<slb!&*()_+>---<sls!&*()_+>loc: -1<sls!&*()_+>src: ./montgomery_mul_tb.v<sls!&*()_+>line: 164<sls!&*()_+>time: 146000 ps<sls!&*()_+>length: 0<sls!&*()_+>...<sls!&*()_+><sle!&*()_+>
<slp!&*()_+>
 #------------------MODMUL STARTED---------------------*
<slb!&*()_+>---<sls!&*()_+>loc: -1<sls!&*()_+>src: ./montgomery_mul_tasks.v<sls!&*()_+>line: 66<sls!&*()_+>time: 146000 ps<sls!&*()_+>length: 0<sls!&*()_+>...<sls!&*()_+><sle!&*()_+>
<slp!&*()_+>
Latency =         10
<slb!&*()_+>---<sls!&*()_+>loc: -1<sls!&*()_+>src: ./montgomery_mul_tasks.v<sls!&*()_+>line: 49<sls!&*()_+>time: 156000 ps<sls!&*()_+>length: 0<sls!&*()_+>...<sls!&*()_+><sle!&*()_+>

ucli% synEnv::hasFataled
0
ucli% ucliCore::getToolPID
21481
ucli% synEnv::isFinished
0
ucli% save::getUserdefinedProcs
::stateVerdiChangeCB ::LoadFSDBDumpCmd
ucli% if {[catch {ucliCore::setFocus tool}]} {}

ucli% fsdbDumpflush 
*Verdi* : Flush all FSDB Files at 154,613,160,000 ps.

ucli% senv
activeDomain: Verilog
activeFile: 
activeFrame: 
activeLine: 0
activeScope: _vcs_unit__3030942982
activeThread: 
endCol: 0
file: 
frame: 
fsdbFilename: 
hasTB: 0
inputFilename: 
keyFilename: ucli.key
line: 0
logFilename: /home/dss545/fhe/dse_mult/montgomery/verif/verdiLog/sim.log
macroIndex: -1
macroOffset: -1
pid: 21481
scope: _vcs_unit__3030942982
startCol: 0
state: stopped
thread: 
time: 154613160000
timePrecision: 1 ps
vcdFilename: 
vpdFilename:
ucli% puts $::ucliCore::cbug_active
0

ucli% if {[catch {ucliCore::setFocus tool}]} {}

ucli% checkpoint -list -all
There are no checkpoints present.
ucli% if {[catch {ucliCore::setFocus tool}]} {}

ucli% stop
No stop points are set
ucli% if {[catch {ucliCore::setFocus tool}]} {}

ucli% finish; quit
           V C S   S i m u l a t i o n   R e p o r t 
Time: 154613160000 ps
CPU Time:     14.830 seconds;       Data structure size:   0.0Mb
Mon Sep 13 13:13:34 2021

<VERDI_Terminated>

finish; quit
           V C S   S i m u l a t i o n   R e p o r t 
Time: 0 ps
CPU Time:      0.140 seconds;       Data structure size:   0.0Mb
Mon Sep 13 13:13:43 2021

<VERDI_Terminated>

finish; quit
           V C S   S i m u l a t i o n   R e p o r t 
Time: 0 ps
CPU Time:      0.140 seconds;       Data structure size:   0.0Mb
Mon Sep 13 13:13:55 2021

<VERDI_Terminated>

